<?xml version="1.0" encoding="UTF-8"?>
<robot generator="Robot 6.0.2 (Python 3.10.10 on darwin)" generated="20230210 08:28:33.620" rpa="false" schemaversion="3">
<suite id="s1" name="userRegistration" source="/Users/karenduque/Desktop/karen/KarenLocal/Netflix_RobotFramework/Netflix/specs/userRegistration.robot">
<test id="s1-t1" name="Correct user registration" line="8">
<kw name="Given the Netflix page is open">
<kw name="Given I am in Netflix page" library="Netflix-facade">
<kw name="Open Browser" library="Selenium2Library">
<arg>${URL_Netflix}</arg>
<arg>chrome</arg>
<doc>Opens a new browser instance to the optional ``url``.</doc>
<msg timestamp="20230210 08:28:33.789" level="INFO">Opening browser 'chrome' to base url 'https://www.netflix.com/co/'.</msg>
<status status="PASS" starttime="20230210 08:28:33.789" endtime="20230210 08:28:39.304"/>
</kw>
<kw name="Maximize Browser Window" library="Selenium2Library">
<doc>Maximizes current browser window.</doc>
<status status="PASS" starttime="20230210 08:28:39.304" endtime="20230210 08:28:39.778"/>
</kw>
<status status="PASS" starttime="20230210 08:28:33.789" endtime="20230210 08:28:39.778"/>
</kw>
<kw name="And Print title of Netflix home" library="Netflix-facade">
<kw name="Get Title" library="Selenium2Library">
<var>${title}</var>
<doc>Returns the title of the current page.</doc>
<msg timestamp="20230210 08:28:39.784" level="INFO">${title} = Netflix Colombia: Ve series online, ve películas online</msg>
<status status="PASS" starttime="20230210 08:28:39.779" endtime="20230210 08:28:39.784"/>
</kw>
<kw name="Log To Console" library="BuiltIn">
<arg>${title}</arg>
<doc>Logs the given message to the console.</doc>
<status status="PASS" starttime="20230210 08:28:39.784" endtime="20230210 08:28:39.785"/>
</kw>
<status status="PASS" starttime="20230210 08:28:39.778" endtime="20230210 08:28:39.785"/>
</kw>
<status status="PASS" starttime="20230210 08:28:33.788" endtime="20230210 08:28:39.785"/>
</kw>
<status status="PASS" starttime="20230210 08:28:33.788" endtime="20230210 08:28:39.785"/>
</test>
<status status="PASS" starttime="20230210 08:28:33.622" endtime="20230210 08:28:39.786"/>
</suite>
<statistics>
<total>
<stat pass="1" fail="0" skip="0">All Tests</stat>
</total>
<tag>
</tag>
<suite>
<stat pass="1" fail="0" skip="0" id="s1" name="userRegistration">userRegistration</stat>
</suite>
</statistics>
<errors>
</errors>
</robot>
