<?xml version="1.0" encoding="UTF-8"?>
<robot generator="Robot 3.2.2 (Python 3.8.3 on darwin)" generated="20211211 06:42:33.520" rpa="false">
<suite id="s1" name="Components-Free-Trial" source="/Users/kduque/Desktop/KarenGit/demonetflix/netflix/specs/components-free-trial.robot">
<test id="s1-t1" name="Check elements on the free trial page">
<kw name="Given that the free trial page is open">
<kw name="Given I am in login page">
<msg timestamp="20211211 06:42:33.810" level="FAIL">No keyword with name 'Given I am in login page' found.</msg>
<status status="FAIL" starttime="20211211 06:42:33.810" endtime="20211211 06:42:33.810"></status>
</kw>
<status status="FAIL" starttime="20211211 06:42:33.806" endtime="20211211 06:42:33.810"></status>
</kw>
<status status="FAIL" starttime="20211211 06:42:33.805" endtime="20211211 06:42:33.810" critical="yes">No keyword with name 'Given I am in login page' found.</status>
</test>
<status status="FAIL" starttime="20211211 06:42:33.522" endtime="20211211 06:42:33.811"></status>
</suite>
<statistics>
<total>
<stat pass="0" fail="1">Critical Tests</stat>
<stat pass="0" fail="1">All Tests</stat>
</total>
<tag>
</tag>
<suite>
<stat pass="0" fail="1" id="s1" name="Components-Free-Trial">Components-Free-Trial</stat>
</suite>
</statistics>
<errors>
</errors>
</robot>
