<?xml version="1.0" encoding="UTF-8"?>
<robot generator="Robot 7.2.2 (Python 3.13.3 on win32)" generated="2025-05-02T16:30:30.198769" rpa="false" schemaversion="5">
<suite id="s1" name="userRegistration" source="C:\Users\luzadrianas\OneDrive - DS Group S.p.A\Desktop\ATM\Netflix_RobotFramework-main\Netflix_RobotFramework-main\Netflix\specs\userRegistration.robot">
<test id="s1-t1" name="Correct user registration" line="8">
<kw name="Given the netflix page is open">
<kw name="Given I am in netflix page" owner="netflix-facade">
<kw name="Open Browser" owner="Selenium2Library">
<msg time="2025-05-02T16:30:30.527080" level="INFO">Opening browser 'chrome' to base url 'https://www.netflix.com/co/'.</msg>
<arg>${URL_netflix}</arg>
<arg>chrome</arg>
<doc>Opens a new browser instance to the optional ``url``.</doc>
<status status="PASS" start="2025-05-02T16:30:30.526874" elapsed="20.034848"/>
</kw>
<kw name="Maximize Browser Window" owner="Selenium2Library">
<doc>Maximizes current browser window.</doc>
<status status="PASS" start="2025-05-02T16:30:50.562013" elapsed="0.068191"/>
</kw>
<status status="PASS" start="2025-05-02T16:30:30.526386" elapsed="20.104041"/>
</kw>
<kw name="And Print title of netflix home" owner="netflix-facade">
<kw name="Get Title" owner="Selenium2Library">
<msg time="2025-05-02T16:30:50.648120" level="INFO">${title} = Netflix Italy - Watch TV Shows Online, Watch Movies Online</msg>
<var>${title}</var>
<doc>Returns the title of the current page.</doc>
<status status="PASS" start="2025-05-02T16:30:50.631631" elapsed="0.016607"/>
</kw>
<kw name="Log To Console" owner="BuiltIn">
<arg>${title}</arg>
<doc>Logs the given message to the console.</doc>
<status status="PASS" start="2025-05-02T16:30:50.648539" elapsed="0.000516"/>
</kw>
<status status="PASS" start="2025-05-02T16:30:50.630898" elapsed="0.018355"/>
</kw>
<status status="PASS" start="2025-05-02T16:30:30.526024" elapsed="20.123332"/>
</kw>
<status status="PASS" start="2025-05-02T16:30:30.525353" elapsed="20.124398"/>
</test>
<status status="PASS" start="2025-05-02T16:30:30.200060" elapsed="20.450958"/>
</suite>
<statistics>
<total>
<stat pass="1" fail="0" skip="0">All Tests</stat>
</total>
<tag>
</tag>
<suite>
<stat name="userRegistration" id="s1" pass="1" fail="0" skip="0">userRegistration</stat>
</suite>
</statistics>
<errors>
</errors>
</robot>
